Flow report for avg
Thu Oct 24 18:26:43 2024
Quartus Prime Version 20.1.1 Build 720 11/11/2020 SJ Lite Edition


---------------------
; Table of Contents ;
---------------------
  1. Legal Notice
  2. Flow Summary
  3. Flow Settings
  4. Flow Non-Default Global Settings
  5. Flow Elapsed Time
  6. Flow OS Summary
  7. Flow Log
  8. Flow Messages
  9. Flow Suppressed Messages



----------------
; Legal Notice ;
----------------
Copyright (C) 2020  Intel Corporation. All rights reserved.
Your use of Intel Corporation's design tools, logic functions 
and other software and tools, and any partner logic 
functions, and any output files from any of the foregoing 
(including device programming or simulation files), and any 
associated documentation or information are expressly subject 
to the terms and conditions of the Intel Program License 
Subscription Agreement, the Intel Quartus Prime License Agreement,
the Intel FPGA IP License Agreement, or other applicable license
agreement, including, without limitation, that your use is for
the sole purpose of programming logic devices manufactured by
Intel and sold by Intel or its authorized distributors.  Please
refer to the applicable agreement for further details, at
https://fpgasoftware.intel.com/eula.



+----------------------------------------------------------------------------------+
; Flow Summary                                                                     ;
+------------------------------------+---------------------------------------------+
; Flow Status                        ; Successful - Thu Oct 24 18:26:43 2024       ;
; Quartus Prime Version              ; 20.1.1 Build 720 11/11/2020 SJ Lite Edition ;
; Revision Name                      ; avg                                         ;
; Top-level Entity Name              ; avg                                         ;
; Family                             ; Cyclone IV E                                ;
; Device                             ; EP4CE6F17C8                                 ;
; Timing Models                      ; Final                                       ;
; Total logic elements               ; 2,207 / 6,272 ( 35 % )                      ;
;     Total combinational functions  ; 2,189 / 6,272 ( 35 % )                      ;
;     Dedicated logic registers      ; 249 / 6,272 ( 4 % )                         ;
; Total registers                    ; 249                                         ;
; Total pins                         ; 35 / 180 ( 19 % )                           ;
; Total virtual pins                 ; 0                                           ;
; Total memory bits                  ; 0 / 276,480 ( 0 % )                         ;
; Embedded Multiplier 9-bit elements ; 0 / 30 ( 0 % )                              ;
; Total PLLs                         ; 0 / 2 ( 0 % )                               ;
+------------------------------------+---------------------------------------------+


+-----------------------------------------+
; Flow Settings                           ;
+-------------------+---------------------+
; Option            ; Setting             ;
+-------------------+---------------------+
; Start date & time ; 10/24/2024 18:26:20 ;
; Main task         ; Compilation         ;
; Revision Name     ; avg                 ;
+-------------------+---------------------+


+------------------------------------------------------------------------------------------------------------------------------------------------+
; Flow Non-Default Global Settings                                                                                                               ;
+-------------------------------------+----------------------------------------+---------------+-------------+-----------------------------------+
; Assignment Name                     ; Value                                  ; Default Value ; Entity Name ; Section Id                        ;
+-------------------------------------+----------------------------------------+---------------+-------------+-----------------------------------+
; COMPILER_SIGNATURE_ID               ; 224391403307029.172976558062191        ; --            ; --          ; --                                ;
; EDA_GENERATE_FUNCTIONAL_NETLIST     ; Off                                    ; --            ; --          ; eda_board_design_timing           ;
; EDA_GENERATE_FUNCTIONAL_NETLIST     ; Off                                    ; --            ; --          ; eda_simulation                    ;
; EDA_GENERATE_FUNCTIONAL_NETLIST     ; Off                                    ; --            ; --          ; eda_board_design_boundary_scan    ;
; EDA_GENERATE_FUNCTIONAL_NETLIST     ; Off                                    ; --            ; --          ; eda_board_design_signal_integrity ;
; EDA_GENERATE_FUNCTIONAL_NETLIST     ; Off                                    ; --            ; --          ; eda_board_design_symbol           ;
; EDA_OUTPUT_DATA_FORMAT              ; Verilog Hdl                            ; --            ; --          ; eda_simulation                    ;
; EDA_SIMULATION_TOOL                 ; ModelSim-Altera (Verilog)              ; <None>        ; --          ; --                                ;
; EDA_TIME_SCALE                      ; 1 ps                                   ; --            ; --          ; eda_simulation                    ;
; MAX_CORE_JUNCTION_TEMP              ; 85                                     ; --            ; --          ; --                                ;
; MIN_CORE_JUNCTION_TEMP              ; 0                                      ; --            ; --          ; --                                ;
; NOMINAL_CORE_SUPPLY_VOLTAGE         ; 1.2V                                   ; --            ; --          ; --                                ;
; PARTITION_COLOR                     ; -- (Not supported for targeted family) ; --            ; --          ; Top                               ;
; PARTITION_FITTER_PRESERVATION_LEVEL ; -- (Not supported for targeted family) ; --            ; --          ; Top                               ;
; PARTITION_NETLIST_TYPE              ; -- (Not supported for targeted family) ; --            ; --          ; Top                               ;
; POWER_BOARD_THERMAL_MODEL           ; None (CONSERVATIVE)                    ; --            ; --          ; --                                ;
; POWER_PRESET_COOLING_SOLUTION       ; 23 MM HEAT SINK WITH 200 LFPM AIRFLOW  ; --            ; --          ; --                                ;
; PROJECT_OUTPUT_DIRECTORY            ; output_files                           ; --            ; --          ; --                                ;
+-------------------------------------+----------------------------------------+---------------+-------------+-----------------------------------+


+--------------------------------------------------------------------------------------------------------------------------+
; Flow Elapsed Time                                                                                                        ;
+----------------------+--------------+-------------------------+---------------------+------------------------------------+
; Module Name          ; Elapsed Time ; Average Processors Used ; Peak Virtual Memory ; Total CPU Time (on all processors) ;
+----------------------+--------------+-------------------------+---------------------+------------------------------------+
; Analysis & Synthesis ; 00:00:07     ; 1.0                     ; 443 MB              ; 00:00:13                           ;
; Fitter               ; 00:00:09     ; 1.1                     ; 1123 MB             ; 00:00:16                           ;
; Assembler            ; 00:00:00     ; 1.0                     ; 350 MB              ; 00:00:00                           ;
; Timing Analyzer      ; 00:00:02     ; 1.4                     ; 575 MB              ; 00:00:03                           ;
; EDA Netlist Writer   ; 00:00:02     ; 1.0                     ; 620 MB              ; 00:00:01                           ;
; Total                ; 00:00:20     ; --                      ; --                  ; 00:00:33                           ;
+----------------------+--------------+-------------------------+---------------------+------------------------------------+


+-------------------------------------------------------------------------------------------+
; Flow OS Summary                                                                           ;
+----------------------+-------------------+------------------+------------+----------------+
; Module Name          ; Machine Hostname  ; OS Name          ; OS Version ; Processor type ;
+----------------------+-------------------+------------------+------------+----------------+
; Analysis & Synthesis ; debian-msi-laptop ; Debian GNU/Linux ; 12         ; x86_64         ;
; Fitter               ; debian-msi-laptop ; Debian GNU/Linux ; 12         ; x86_64         ;
; Assembler            ; debian-msi-laptop ; Debian GNU/Linux ; 12         ; x86_64         ;
; Timing Analyzer      ; debian-msi-laptop ; Debian GNU/Linux ; 12         ; x86_64         ;
; EDA Netlist Writer   ; debian-msi-laptop ; Debian GNU/Linux ; 12         ; x86_64         ;
+----------------------+-------------------+------------------+------------+----------------+


------------
; Flow Log ;
------------
quartus_map --read_settings_files=on --write_settings_files=off avg -c avg
quartus_fit --read_settings_files=off --write_settings_files=off avg -c avg
quartus_asm --read_settings_files=off --write_settings_files=off avg -c avg
quartus_sta avg -c avg
quartus_eda --read_settings_files=off --write_settings_files=off avg -c avg



